Build started 02/05/2017 5:57:06.
     1>Project "C:\Users\NELSONDAVID\documents\visual studio 2013\Projects\ProyectoBase\ProyectoBase\ProyectoBase.vcxproj" on node 2 (Build target(s)).
     1>ClCompile:
         C:\Program Files (x86)\Microsoft Visual Studio 12.0\VC\bin\CL.exe /c /ZI /nologo /W3 /WX- /sdl /Od /Oy- /D _CRT_SECURE_NO_WARNINGS /D WIN32 /D _DEBUG /D _WINDOWS /D _MBCS /D _CRT_SECURE_NO_WARNINGS /Gm /EHsc /RTC1 /MDd /GS /fp:precise /Zc:wchar_t /Zc:forScope /Fo"Debug\\" /Fd"Debug\vc120.pdb" /Gd /TP /analyze- /errorReport:prompt Main.cpp
         Main.cpp
     1>c:\users\nelsondavid\documents\visual studio 2013\projects\proyectobase\proyectobase\vectorrr.h(49): warning C4244: 'initializing' : conversion from 'double' to 'float', possible loss of data
     1>c:\users\nelsondavid\documents\visual studio 2013\projects\proyectobase\proyectobase\geometrias.h(47): warning C4244: '=' : conversion from 'double' to 'float', possible loss of data
     1>c:\users\nelsondavid\documents\visual studio 2013\projects\proyectobase\proyectobase\geometrias.h(48): warning C4244: '=' : conversion from 'double' to 'float', possible loss of data
     1>c:\users\nelsondavid\documents\visual studio 2013\projects\proyectobase\proyectobase\geometrias.h(50): warning C4244: '=' : conversion from 'double' to 'float', possible loss of data
     1>c:\users\nelsondavid\documents\visual studio 2013\projects\proyectobase\proyectobase\geometrias.h(53): warning C4244: '=' : conversion from 'double' to 'float', possible loss of data
     1>c:\users\nelsondavid\documents\visual studio 2013\projects\proyectobase\proyectobase\geometrias.h(54): warning C4244: '=' : conversion from 'double' to 'float', possible loss of data
     1>c:\users\nelsondavid\documents\visual studio 2013\projects\proyectobase\proyectobase\geometrias.h(56): warning C4244: '=' : conversion from 'double' to 'float', possible loss of data
     1>c:\users\nelsondavid\documents\visual studio 2013\projects\proyectobase\proyectobase\geometrias.h(203): warning C4244: '=' : conversion from 'double' to 'float', possible loss of data
     1>c:\users\nelsondavid\documents\visual studio 2013\projects\proyectobase\proyectobase\geometrias.h(204): warning C4244: '=' : conversion from 'double' to 'float', possible loss of data
     1>c:\users\nelsondavid\documents\visual studio 2013\projects\proyectobase\proyectobase\geometrias.h(205): warning C4244: '=' : conversion from 'double' to 'float', possible loss of data
     1>c:\users\nelsondavid\documents\visual studio 2013\projects\proyectobase\proyectobase\imagenes.h(61): warning C4101: 'e' : unreferenced local variable
     1>c:\users\nelsondavid\documents\visual studio 2013\projects\proyectobase\proyectobase\imagenes.h(80): warning C4101: 'e' : unreferenced local variable
     1>c:\users\nelsondavid\documents\visual studio 2013\projects\proyectobase\proyectobase\skydome.h(53): warning C4101: 'indice' : unreferenced local variable
     1>c:\users\nelsondavid\documents\visual studio 2013\projects\proyectobase\proyectobase\terreno.h(63): warning C4101: 'indice' : unreferenced local variable
     1>c:\users\nelsondavid\documents\visual studio 2013\projects\proyectobase\proyectobase\escena.h(200): warning C4305: 'initializing' : truncation from 'double' to 'GLfloat'
     1>c:\users\nelsondavid\documents\visual studio 2013\projects\proyectobase\proyectobase\escena.h(245): warning C4244: 'argument' : conversion from 'GLdouble' to 'float', possible loss of data
     1>c:\users\nelsondavid\documents\visual studio 2013\projects\proyectobase\proyectobase\escena.h(344): warning C4244: 'argument' : conversion from 'int' to 'GLfloat', possible loss of data
     1>c:\users\nelsondavid\documents\visual studio 2013\projects\proyectobase\proyectobase\escena.h(352): warning C4244: 'argument' : conversion from 'int' to 'GLfloat', possible loss of data
     1>c:\users\nelsondavid\documents\visual studio 2013\projects\proyectobase\proyectobase\escena.h(360): warning C4244: 'argument' : conversion from 'int' to 'GLfloat', possible loss of data
     1>c:\users\nelsondavid\documents\visual studio 2013\projects\proyectobase\proyectobase\escena.h(368): warning C4244: 'argument' : conversion from 'int' to 'GLfloat', possible loss of data
     1>c:\users\nelsondavid\documents\visual studio 2013\projects\proyectobase\proyectobase\escena.h(376): warning C4244: 'argument' : conversion from 'int' to 'GLfloat', possible loss of data
     1>c:\users\nelsondavid\documents\visual studio 2013\projects\proyectobase\proyectobase\escena.h(384): warning C4244: 'argument' : conversion from 'int' to 'GLfloat', possible loss of data
     1>c:\users\nelsondavid\documents\visual studio 2013\projects\proyectobase\proyectobase\escena.h(412): warning C4244: 'argument' : conversion from 'double' to 'GLfloat', possible loss of data
     1>c:\users\nelsondavid\documents\visual studio 2013\projects\proyectobase\proyectobase\escena.h(421): warning C4305: 'argument' : truncation from 'double' to 'GLfloat'
     1>c:\users\nelsondavid\documents\visual studio 2013\projects\proyectobase\proyectobase\escena.h(428): warning C4244: 'argument' : conversion from 'double' to 'GLfloat', possible loss of data
     1>c:\users\nelsondavid\documents\visual studio 2013\projects\proyectobase\proyectobase\escena.h(436): warning C4244: 'argument' : conversion from 'double' to 'GLfloat', possible loss of data
     1>c:\users\nelsondavid\documents\visual studio 2013\projects\proyectobase\proyectobase\escena.h(484): warning C4244: 'argument' : conversion from 'double' to 'GLfloat', possible loss of data
     1>c:\users\nelsondavid\documents\visual studio 2013\projects\proyectobase\proyectobase\escena.h(491): warning C4244: 'argument' : conversion from 'double' to 'GLfloat', possible loss of data
     1>c:\users\nelsondavid\documents\visual studio 2013\projects\proyectobase\proyectobase\escena.h(498): warning C4244: 'argument' : conversion from 'double' to 'GLfloat', possible loss of data
     1>c:\users\nelsondavid\documents\visual studio 2013\projects\proyectobase\proyectobase\escena.h(505): warning C4244: 'argument' : conversion from 'double' to 'GLfloat', possible loss of data
     1>c:\users\nelsondavid\documents\visual studio 2013\projects\proyectobase\proyectobase\escena.h(513): warning C4244: 'argument' : conversion from 'double' to 'GLfloat', possible loss of data
     1>c:\users\nelsondavid\documents\visual studio 2013\projects\proyectobase\proyectobase\escena.h(522): warning C4244: 'argument' : conversion from 'double' to 'GLfloat', possible loss of data
     1>c:\users\nelsondavid\documents\visual studio 2013\projects\proyectobase\proyectobase\escena.h(531): warning C4244: 'argument' : conversion from 'double' to 'GLfloat', possible loss of data
     1>c:\users\nelsondavid\documents\visual studio 2013\projects\proyectobase\proyectobase\main.cpp(108): warning C4244: 'argument' : conversion from 'GLdouble' to 'int', possible loss of data
     1>c:\users\nelsondavid\documents\visual studio 2013\projects\proyectobase\proyectobase\main.cpp(109): warning C4244: 'argument' : conversion from 'GLdouble' to 'int', possible loss of data
     1>c:\users\nelsondavid\documents\visual studio 2013\projects\proyectobase\proyectobase\main.cpp(110): warning C4244: 'argument' : conversion from 'GLdouble' to 'int', possible loss of data
       Link:
         C:\Program Files (x86)\Microsoft Visual Studio 12.0\VC\bin\link.exe /ERRORREPORT:PROMPT /OUT:"C:\Users\NELSONDAVID\documents\visual studio 2013\Projects\ProyectoBase\Debug\ProyectoBase.exe" /INCREMENTAL /NOLOGO kernel32.lib user32.lib gdi32.lib winspool.lib comdlg32.lib advapi32.lib shell32.lib ole32.lib oleaut32.lib uuid.lib odbc32.lib odbccp32.lib /MANIFEST /MANIFESTUAC:"level='asInvoker' uiAccess='false'" /manifest:embed /DEBUG /PDB:"C:\Users\NELSONDAVID\documents\visual studio 2013\Projects\ProyectoBase\Debug\ProyectoBase.pdb" /SUBSYSTEM:WINDOWS /TLBID:1 /DYNAMICBASE /NXCOMPAT /IMPLIB:"C:\Users\NELSONDAVID\documents\visual studio 2013\Projects\ProyectoBase\Debug\ProyectoBase.lib" /MACHINE:X86 Debug\BMPLoader.obj
         Debug\glm.obj
         Debug\Main.obj
         Debug\Model.obj
         ProyectoBase.vcxproj -> C:\Users\NELSONDAVID\documents\visual studio 2013\Projects\ProyectoBase\Debug\ProyectoBase.exe
     1>Done Building Project "C:\Users\NELSONDAVID\documents\visual studio 2013\Projects\ProyectoBase\ProyectoBase\ProyectoBase.vcxproj" (Build target(s)).

Build succeeded.

Time Elapsed 00:00:01.31
